2022-05-16 00:52:36.983 INFO [main] [pageobjects.TourSearchPage.selectDepartureCity(TourSearchPage.java:76)] - Минск
2022-05-16 00:52:37.243 INFO [main] [pageobjects.TourSearchPage.selectCountry(TourSearchPage.java:90)] - Египет
2022-05-16 00:52:56.776 INFO [main] [pageobjects.TourSearchPage.selectDepartureCity(TourSearchPage.java:76)] - Минск
2022-05-16 00:52:57.027 INFO [main] [pageobjects.TourSearchPage.selectCountry(TourSearchPage.java:90)] - Египет
2022-05-16 00:52:57.265 INFO [main] [pageobjects.TourSearchPage.selectDepartureDatePeriodOfTwoWeeksFromToday(TourSearchPage.java:102)] - Departure dates 16 мая - 28 мая
2022-05-16 00:52:57.415 INFO [main] [pageobjects.TourSearchPage.selectCountOfNightsMoreThan10(TourSearchPage.java:112)] - Number of nights: 11
2022-05-16 00:52:57.708 INFO [main] [pageobjects.TourSearchPage.selectTourists(TourSearchPage.java:133)] - Number of adults: 5 
2022-05-16 00:52:58.098 INFO [main] [pageobjects.TourSearchPage.selectResort(TourSearchPage.java:167)] - Resort: Хургада
2022-05-16 00:56:27.801 INFO [main] [pageobjects.TourSearchPage.selectDepartureCity(TourSearchPage.java:75)] - Минск
2022-05-16 00:56:28.054 INFO [main] [pageobjects.TourSearchPage.selectCountry(TourSearchPage.java:89)] - Египет
2022-05-16 00:56:28.304 INFO [main] [pageobjects.TourSearchPage.selectDepartureDatePeriodOfTwoWeeksFromToday(TourSearchPage.java:101)] - Departure dates 17 мая - 26 мая
2022-05-16 00:56:28.441 INFO [main] [pageobjects.TourSearchPage.selectCountOfNightsMoreThan10(TourSearchPage.java:111)] - Number of nights: 11
2022-05-16 00:56:28.727 INFO [main] [pageobjects.TourSearchPage.selectTourists(TourSearchPage.java:132)] - Number of adults: 5 
2022-05-16 00:56:29.113 INFO [main] [pageobjects.TourSearchPage.selectResort(TourSearchPage.java:166)] - Resort: Хургада
2022-05-16 01:00:27.606 INFO [main] [pageobjects.TourSearchPage.selectDepartureCity(TourSearchPage.java:78)] - Минск
2022-05-16 01:00:27.876 INFO [main] [pageobjects.TourSearchPage.selectCountry(TourSearchPage.java:92)] - Египет
2022-05-16 01:00:28.130 INFO [main] [pageobjects.TourSearchPage.selectDepartureDatePeriodOfTwoWeeksFromToday(TourSearchPage.java:104)] - Departure dates 17 мая - 26 мая
2022-05-16 01:00:28.263 INFO [main] [pageobjects.TourSearchPage.selectCountOfNightsMoreThan10(TourSearchPage.java:114)] - Number of nights: 11
2022-05-16 01:00:28.414 INFO [main] [pageobjects.TourSearchPage.selectTourists(TourSearchPage.java:135)] - Number of adults: 2 
2022-05-16 01:00:28.819 INFO [main] [pageobjects.TourSearchPage.selectResort(TourSearchPage.java:169)] - Resort: Хургада
